<?xml version="1.0"?>
<!DOCTYPE coverage SYSTEM "http://cobertura.sourceforge.net/xml/coverage-04.dtd">

<coverage line-rate="0.8055555555555556" branch-rate="0.95" lines-covered="29" lines-valid="36" branches-covered="19" branches-valid="20" complexity="3.4" version="null" timestamp="1390454415291">
	<sources>
		<source>src</source>
	</sources>
	<packages>
		<package name="client" line-rate="0.0" branch-rate="1.0" complexity="1.0">
			<classes>
				<class name="client.EvaluatorClient" filename="client/EvaluatorClient.java" line-rate="0.0" branch-rate="1.0" complexity="1.0">
					<methods>
						<method name="&lt;init&gt;" signature="()V" line-rate="0.0" branch-rate="1.0">
							<lines>
								<line number="5" hits="0" branch="false"/>
							</lines>
						</method>
						<method name="main" signature="([Ljava/lang/String;)V" line-rate="0.0" branch-rate="1.0">
							<lines>
								<line number="7" hits="0" branch="false"/>
								<line number="8" hits="0" branch="false"/>
								<line number="9" hits="0" branch="false"/>
							</lines>
						</method>
					</methods>
					<lines>
						<line number="5" hits="0" branch="false"/>
						<line number="7" hits="0" branch="false"/>
						<line number="8" hits="0" branch="false"/>
						<line number="9" hits="0" branch="false"/>
					</lines>
				</class>
			</classes>
		</package>
		<package name="library" line-rate="0.90625" branch-rate="0.95" complexity="4.0">
			<classes>
				<class name="library.Evaluator" filename="library/Evaluator.java" line-rate="0.90625" branch-rate="0.95" complexity="4.0">
					<methods>
						<method name="&lt;init&gt;" signature="()V" line-rate="1.0" branch-rate="1.0">
							<lines>
								<line number="6" hits="26" branch="false"/>
							</lines>
						</method>
						<method name="evaluate" signature="(ILjava/lang/String;I)I" line-rate="1.0" branch-rate="1.0">
							<lines>
								<line number="9" hits="13" branch="false"/>
								<line number="10" hits="13" branch="true" condition-coverage="100% (2/2)">
									<conditions>
										<condition number="0" type="jump" coverage="100%"/>
									</conditions>
								</line>
								<line number="11" hits="13" branch="true" condition-coverage="100% (2/2)">
									<conditions>
										<condition number="0" type="jump" coverage="100%"/>
									</conditions>
								</line>
								<line number="12" hits="13" branch="true" condition-coverage="100% (2/2)">
									<conditions>
										<condition number="0" type="jump" coverage="100%"/>
									</conditions>
								</line>
								<line number="13" hits="13" branch="true" condition-coverage="100% (2/2)">
									<conditions>
										<condition number="0" type="jump" coverage="100%"/>
									</conditions>
								</line>
								<line number="14" hits="13" branch="true" condition-coverage="100% (2/2)">
									<conditions>
										<condition number="0" type="jump" coverage="100%"/>
									</conditions>
								</line>
								<line number="15" hits="13" branch="false"/>
							</lines>
						</method>
						<method name="evaluateExpression" signature="(Ljava/lang/String;)I" line-rate="0.7272727272727273" branch-rate="0.8333333333333334">
							<lines>
								<line number="18" hits="9" branch="true" condition-coverage="100% (2/2)">
									<conditions>
										<condition number="0" type="jump" coverage="100%"/>
									</conditions>
								</line>
								<line number="19" hits="8" branch="false"/>
								<line number="21" hits="8" branch="false"/>
								<line number="22" hits="8" branch="false"/>
								<line number="23" hits="21" branch="true" condition-coverage="100% (2/2)">
									<conditions>
										<condition number="0" type="jump" coverage="100%"/>
									</conditions>
								</line>
								<line number="24" hits="13" branch="true" condition-coverage="50% (1/2)">
									<conditions>
										<condition number="0" type="jump" coverage="50%"/>
									</conditions>
								</line>
								<line number="25" hits="0" branch="false"/>
								<line number="26" hits="0" branch="false"/>
								<line number="27" hits="0" branch="false"/>
								<line number="30" hits="8" branch="false"/>
								<line number="31" hits="8" branch="false"/>
							</lines>
						</method>
						<method name="evaluateMultipleOperations" signature="(Ljava/util/List;Ljava/util/List;)I" line-rate="1.0" branch-rate="1.0">
							<lines>
								<line number="34" hits="8" branch="false"/>
								<line number="35" hits="8" branch="false"/>
								<line number="36" hits="13" branch="true" condition-coverage="100% (2/2)">
									<conditions>
										<condition number="0" type="jump" coverage="100%"/>
									</conditions>
								</line>
								<line number="37" hits="5" branch="false"/>
								<line number="39" hits="8" branch="false"/>
							</lines>
						</method>
						<method name="getOperators" signature="([Ljava/lang/String;Ljava/util/List;)Ljava/util/List;" line-rate="1.0" branch-rate="1.0">
							<lines>
								<line number="42" hits="8" branch="false"/>
								<line number="43" hits="42" branch="true" condition-coverage="100% (2/2)">
									<conditions>
										<condition number="0" type="jump" coverage="100%"/>
									</conditions>
								</line>
								<line number="45" hits="34" branch="false"/>
								<line number="46" hits="21" branch="false"/>
								<line number="47" hits="13" branch="false"/>
								<line number="48" hits="13" branch="false"/>
								<line number="49" hits="21" branch="false"/>
								<line number="51" hits="8" branch="false"/>
							</lines>
						</method>
					</methods>
					<lines>
						<line number="6" hits="26" branch="false"/>
						<line number="9" hits="13" branch="false"/>
						<line number="10" hits="13" branch="true" condition-coverage="100% (2/2)">
							<conditions>
								<condition number="0" type="jump" coverage="100%"/>
							</conditions>
						</line>
						<line number="11" hits="13" branch="true" condition-coverage="100% (2/2)">
							<conditions>
								<condition number="0" type="jump" coverage="100%"/>
							</conditions>
						</line>
						<line number="12" hits="13" branch="true" condition-coverage="100% (2/2)">
							<conditions>
								<condition number="0" type="jump" coverage="100%"/>
							</conditions>
						</line>
						<line number="13" hits="13" branch="true" condition-coverage="100% (2/2)">
							<conditions>
								<condition number="0" type="jump" coverage="100%"/>
							</conditions>
						</line>
						<line number="14" hits="13" branch="true" condition-coverage="100% (2/2)">
							<conditions>
								<condition number="0" type="jump" coverage="100%"/>
							</conditions>
						</line>
						<line number="15" hits="13" branch="false"/>
						<line number="18" hits="9" branch="true" condition-coverage="100% (2/2)">
							<conditions>
								<condition number="0" type="jump" coverage="100%"/>
							</conditions>
						</line>
						<line number="19" hits="8" branch="false"/>
						<line number="21" hits="8" branch="false"/>
						<line number="22" hits="8" branch="false"/>
						<line number="23" hits="21" branch="true" condition-coverage="100% (2/2)">
							<conditions>
								<condition number="0" type="jump" coverage="100%"/>
							</conditions>
						</line>
						<line number="24" hits="13" branch="true" condition-coverage="50% (1/2)">
							<conditions>
								<condition number="0" type="jump" coverage="50%"/>
							</conditions>
						</line>
						<line number="25" hits="0" branch="false"/>
						<line number="26" hits="0" branch="false"/>
						<line number="27" hits="0" branch="false"/>
						<line number="30" hits="8" branch="false"/>
						<line number="31" hits="8" branch="false"/>
						<line number="34" hits="8" branch="false"/>
						<line number="35" hits="8" branch="false"/>
						<line number="36" hits="13" branch="true" condition-coverage="100% (2/2)">
							<conditions>
								<condition number="0" type="jump" coverage="100%"/>
							</conditions>
						</line>
						<line number="37" hits="5" branch="false"/>
						<line number="39" hits="8" branch="false"/>
						<line number="42" hits="8" branch="false"/>
						<line number="43" hits="42" branch="true" condition-coverage="100% (2/2)">
							<conditions>
								<condition number="0" type="jump" coverage="100%"/>
							</conditions>
						</line>
						<line number="45" hits="34" branch="false"/>
						<line number="46" hits="21" branch="false"/>
						<line number="47" hits="13" branch="false"/>
						<line number="48" hits="13" branch="false"/>
						<line number="49" hits="21" branch="false"/>
						<line number="51" hits="8" branch="false"/>
					</lines>
				</class>
			</classes>
		</package>
	</packages>
</coverage>
