<?xml version="1.0" encoding="UTF-8" ?>
<testsuites>
  <testsuite errors="0" failures="0" hostname="Insamiksha" id="0" name="EvaluatorTest" package="library" skipped="0" tests="8" time="0.096" timestamp="2014-01-22T12:42:29">
      <properties>
[...]
</properties>

      <testcase classname="library.EvaluatorTest" name="testEvaluate" time="0.002" />

      <testcase classname="library.EvaluatorTest" name="test_for_adding_two_numbers" time="0.0" />

      <testcase classname="library.EvaluatorTest" name="test_for_adding_two_numbers_if_space_is_not_given" time="0.0" />

      <testcase classname="library.EvaluatorTest" name="test_for_subtraction_of_two_numbers" time="0.0" />

      <testcase classname="library.EvaluatorTest" name="test_if_only_one_operand_is_given" time="0.0" />

      <testcase classname="library.EvaluatorTest" name="test_for_multiplication_of_two_numbers" time="0.0" />

      <testcase classname="library.EvaluatorTest" name="test_for_division_of_two_numbers" time="0.0" />

      <testcase classname="library.EvaluatorTest" name="test_for_calculating_power_of_two_numbers" time="0.0" />

      <system-out><![CDATA[]]></system-out>

      <system-err><![CDATA[]]></system-err>

  </testsuite>
</testsuites>
